<?xml version="1.0" encoding="UTF-8"?>
<testsuite xmlns:xsi="http://www.w3.org/2001/XMLSchema-instance" xsi:noNamespaceSchemaLocation="https://maven.apache.org/surefire/maven-surefire-plugin/xsd/surefire-test-report.xsd" version="3.0.2" name="com.streaming.engine.session.SessionManagerConcurrencyTests" time="0.215" tests="5" errors="0" skipped="0" failures="0">
  <properties>
[...]
</properties>
  <testcase name="stopRemovesSession_allowingCleanRestart" classname="com.streaming.engine.session.SessionManagerConcurrencyTests" time="0.045"/>
  <testcase name="concurrentStartSameStream_allowsOnlyOneStart" classname="com.streaming.engine.session.SessionManagerConcurrencyTests" time="0.155"/>
  <testcase name="stopFailurePreservesRunningState" classname="com.streaming.engine.session.SessionManagerConcurrencyTests" time="0.005"/>
  <testcase name="stopMissingSession_returnsNotFound" classname="com.streaming.engine.session.SessionManagerConcurrencyTests" time="0.001"/>
  <testcase name="concurrentStartDifferentStreams_runsInParallel" classname="com.streaming.engine.session.SessionManagerConcurrencyTests" time="0.004"/>
</testsuite>