<?xml version="1.0" encoding="UTF-8"?>
<testsuite xmlns:xsi="http://www.w3.org/2001/XMLSchema-instance" xsi:noNamespaceSchemaLocation="https://maven.apache.org/surefire/maven-surefire-plugin/xsd/surefire-test-report.xsd" version="3.0.2" name="com.streaming.engine.api.InboundSecurityServiceTests" time="0.115" tests="6" errors="0" skipped="0" failures="0">
  <properties>
[...]
</properties>
  <testcase name="customSecretHeaderDoesNotFallbackToDefault" classname="com.streaming.engine.api.InboundSecurityServiceTests" time="0.075">
    <system-out><![CDATA[2026-04-08T21:30:17.616+03:00  WARN 34667 --- [           main] c.s.engine.api.InboundSecurityService    : Inbound auth denied reason=secret_mismatch path=/api/v1/sessions ip=10.0.0.12
]]></system-out>
  </testcase>
  <testcase name="trustedForwardedForIsUsedWhenExplicitlyEnabled" classname="com.streaming.engine.api.InboundSecurityServiceTests" time="0.014"/>
  <testcase name="replayedNonceIsRejected" classname="com.streaming.engine.api.InboundSecurityServiceTests" time="0.008">
    <system-out><![CDATA[2026-04-08T21:30:17.641+03:00  WARN 34667 --- [           main] c.s.engine.api.InboundSecurityService    : Inbound auth denied reason=replay path=/api/v1/sessions ip=10.0.0.12 nonce=nonce-replay
]]></system-out>
  </testcase>
  <testcase name="untrustedForwardedForIsIgnoredByDefault" classname="com.streaming.engine.api.InboundSecurityServiceTests" time="0.002">
    <system-out><![CDATA[2026-04-08T21:30:17.645+03:00  WARN 34667 --- [           main] c.s.engine.api.InboundSecurityService    : Inbound auth denied reason=ip_not_allowed path=/api/v1/sessions ip=10.0.0.10
]]></system-out>
  </testcase>
  <testcase name="badSignatureIsRejected" classname="com.streaming.engine.api.InboundSecurityServiceTests" time="0.005">
    <system-out><![CDATA[2026-04-08T21:30:17.650+03:00  WARN 34667 --- [           main] c.s.engine.api.InboundSecurityService    : Inbound auth denied reason=bad_signature path=/api/v1/sessions ip=10.0.0.12
]]></system-out>
  </testcase>
  <testcase name="validSignedRequestIsAuthorized" classname="com.streaming.engine.api.InboundSecurityServiceTests" time="0.004"/>
</testsuite>